\BOOKMARK [1][-]{section.1}{\376\377\000A\000b\000s\000t\000r\000a\000c\000t}{}% 1
\BOOKMARK [1][-]{section.2}{\376\377\000I\000n\000t\000r\000o\000d\000u\000c\000t\000i\000o\000n}{}% 2
\BOOKMARK [2][-]{subsection.2.1}{\376\377\000t\000w\000i\000s\000t\000o\000r\000\040\000t\000h\000e\000o\000r\000y\000\040\000i\000n\000\040\000i\000t\000s\000\040\000e\000s\000s\000e\000n\000c\000e}{section.2}% 3
\BOOKMARK [1][-]{section.3}{\376\377\000M\000a\000t\000h\000e\000m\000a\000t\000i\000c\000a\000l\000\040\000T\000o\000o\000l\000s}{}% 4
\BOOKMARK [2][-]{subsection.3.1}{\376\377\0002\000-\000s\000p\000i\000n\000o\000r\000\040\000r\000e\000p\000r\000e\000s\000e\000n\000t\000a\000t\000i\000o\000n\000\040\000i\000n\000\040\000M\000i\000n\000k\000o\000w\000s\000k\000i\000\040\000s\000p\000a\000c\000e}{section.3}% 5
\BOOKMARK [3][-]{subsubsection.3.1.1}{\376\377\000P\000r\000o\000p\000e\000r\000t\000i\000e\000s\000\040\000i\000n\000\040\0002\000-\000s\000p\000i\000n\000o\000r\000\040\000r\000e\000p\000r\000e\000s\000e\000n\000t\000a\000t\000i\000o\000n}{subsection.3.1}% 6
\BOOKMARK [3][-]{subsubsection.3.1.2}{\376\377\000S\000i\000g\000n\000a\000t\000u\000r\000e\000s}{subsection.3.1}% 7
\BOOKMARK [2][-]{subsection.3.2}{\376\377\000P\000r\000o\000j\000e\000c\000t\000i\000v\000e\000\040\000s\000p\000a\000c\000e\000s}{section.3}% 8
\BOOKMARK [3][-]{subsubsection.3.2.1}{\376\377\000n\000\040\000=\000\040\0001\000\040\000c\000a\000s\000e}{subsection.3.2}% 9
\BOOKMARK [2][-]{subsection.3.3}{\376\377\000S\000p\000i\000n\000\040\000G\000r\000o\000u\000p\000\040\000a\000n\000d\000\040\000S\000O\000\050\000n\000\051}{section.3}% 10
\BOOKMARK [3][-]{subsubsection.3.3.1}{\376\377\000A\000b\000s\000t\000r\000a\000c\000t\000\040\000d\000e\000s\000c\000r\000i\000p\000t\000i\000o\000n}{subsection.3.3}% 11
\BOOKMARK [2][-]{subsection.3.4}{\376\377\000g\000r\000o\000u\000p\000s\000\040\000a\000n\000d\000\040\000r\000e\000p\000r\000e\000s\000e\000n\000t\000a\000t\000i\000o\000n\000\040\000t\000h\000e\000o\000r\000y}{section.3}% 12
\BOOKMARK [3][-]{subsubsection.3.4.1}{\376\377\000S\000O\000\050\0003\000\051\000\040\000G\000r\000o\000u\000p}{subsection.3.4}% 13
\BOOKMARK [3][-]{subsubsection.3.4.2}{\376\377\000R\000e\000p\000r\000e\000s\000e\000n\000t\000a\000t\000i\000o\000n\000\040\000T\000h\000e\000o\000r\000y}{subsection.3.4}% 14
\BOOKMARK [3][-]{subsubsection.3.4.3}{\376\377\000e\000x\000p\000l\000i\000c\000i\000t\000\040\000e\000x\000a\000m\000p\000l\000e\000\040\000o\000f\000\040\000a\000p\000p\000l\000i\000c\000a\000t\000i\000o\000n\000\040\000o\000f\000\040\000r\000e\000p\000r\000e\000s\000e\000n\000t\000a\000t\000i\000o\000n\000\040\000t\000h\000e\000o\000r\000y}{subsection.3.4}% 15
\BOOKMARK [2][-]{subsection.3.5}{\376\377\000F\000i\000b\000r\000a\000t\000i\000o\000n}{section.3}% 16
\BOOKMARK [3][-]{subsubsection.3.5.1}{\376\377\000l\000i\000f\000t}{subsection.3.5}% 17
\BOOKMARK [3][-]{subsubsection.3.5.2}{\376\377\000h\000o\000m\000o\000t\000o\000p\000y\000\040\000l\000i\000f\000t\000i\000n\000g\000\040\000p\000r\000o\000p\000e\000r\000t\000i\000e\000s\000\040\000\050\000H\000L\000P\000\051}{subsection.3.5}% 18
\BOOKMARK [2][-]{subsection.3.6}{\376\377\000S\000h\000e\000a\000f}{section.3}% 19
\BOOKMARK [3][-]{subsubsection.3.6.1}{\376\377\000p\000r\000e\000s\000h\000e\000a\000f}{subsection.3.6}% 20
\BOOKMARK [3][-]{subsubsection.3.6.2}{\376\377\000S\000h\000e\000a\000f}{subsection.3.6}% 21
\BOOKMARK [2][-]{subsection.3.7}{\376\377\000C\000o\000m\000p\000l\000e\000x\000\040\000O\000b\000j\000e\000c\000t\000s}{section.3}% 22
\BOOKMARK [3][-]{subsubsection.3.7.1}{\376\377\000D\000i\000f\000f\000e\000r\000e\000n\000t\000i\000a\000l\000\040\000f\000o\000r\000m\000s\000\040\000o\000n\000\040\000c\000o\000m\000p\000l\000e\000x\000\040\000m\000a\000n\000i\000f\000o\000l\000d}{subsection.3.7}% 23
\BOOKMARK [3][-]{subsubsection.3.7.2}{\376\377\000D\000o\000l\000b\000e\000a\000u\000l\000t\000\040\000o\000p\000e\000r\000a\000t\000o\000r\000s}{subsection.3.7}% 24
\BOOKMARK [3][-]{subsubsection.3.7.3}{\376\377\000t\000a\000n\000g\000e\000n\000t\000\040\000v\000e\000c\000t\000o\000r\000s\000\040\000o\000n\000\040\000c\000o\000m\000p\000l\000e\000x\000\040\000m\000a\000n\000i\000f\000o\000l\000d}{subsection.3.7}% 25
\BOOKMARK [3][-]{subsubsection.3.7.4}{\376\377\000H\000o\000l\000o\000m\000o\000r\000p\000h\000i\000c\000\040\000d\000e\000l\000t\000a\000\040\000f\000u\000n\000c\000t\000i\000o\000n}{subsection.3.7}% 26
\BOOKMARK [1][-]{section.4}{\376\377\000T\000w\000i\000s\000t\000o\000r\000\040\000T\000h\000e\000o\000r\000y}{}% 27
\BOOKMARK [2][-]{subsection.4.1}{\376\377\000M\000a\000t\000h\000e\000m\000a\000t\000i\000c\000a\000l\000\040\000s\000t\000r\000u\000c\000t\000u\000r\000e\000\040\000o\000f\000\040\000T\000w\000i\000s\000t\000o\000r\000\040\000T\000h\000e\000o\000r\000y}{section.4}% 28
\BOOKMARK [2][-]{subsection.4.2}{\376\377\000D\000u\000a\000l\000\040\000T\000w\000i\000s\000t\000o\000r\000\040\000S\000p\000a\000c\000e}{section.4}% 29
\BOOKMARK [2][-]{subsection.4.3}{\376\377\000T\000w\000i\000s\000t\000o\000r\000\040\000c\000o\000r\000r\000e\000s\000p\000o\000n\000d\000e\000n\000c\000e}{section.4}% 30
\BOOKMARK [1][-]{section.5}{\376\377\000Z\000e\000r\000o\000-\000r\000e\000s\000t\000-\000m\000a\000s\000s\000\040\000f\000i\000e\000l\000d\000s}{}% 31
\BOOKMARK [2][-]{subsection.5.1}{\376\377\000Z\000e\000r\000o\000\040\000R\000e\000s\000t\000\040\000M\000a\000s\000s\000\040\000f\000i\000e\000l\000d\000s\000\040\000o\000n\000\040\000\040\000M}{section.5}% 32
\BOOKMARK [3][-]{subsubsection.5.1.1}{\376\377\000g\000e\000o\000m\000e\000t\000r\000i\000c\000\040\000o\000b\000j\000e\000c\000t\000s\000\040\000i\000n\000\040\000s\000p\000i\000n\000\040\0001\000\040\000z\000e\000r\000o\000\040\000m\000a\000s\000s\000\040\000f\000i\000e\000l\000d}{subsection.5.1}% 33
\BOOKMARK [3][-]{subsubsection.5.1.2}{\376\377\000c\000o\000n\000f\000o\000r\000m\000i\000t\000y\000\040\000o\000f\000\040\000z\000.\000r\000.\000m\000.\000\040\000e\000q\000u\000a\000t\000i\000o\000n\000s}{subsection.5.1}% 34
\BOOKMARK [2][-]{subsection.5.2}{\376\377\000p\000o\000s\000i\000t\000i\000v\000e\000\050\000n\000e\000g\000a\000t\000i\000v\000e\000\051\000-\000f\000r\000e\000q\000u\000e\000n\000c\000y\000\040\000q\000u\000a\000n\000t\000i\000t\000i\000e\000s}{section.5}% 35
\BOOKMARK [1][-]{section.6}{\376\377\000T\000h\000e\000\040\000P\000e\000n\000r\000o\000s\000e\000\040\000T\000r\000a\000n\000s\000f\000o\000r\000m}{}% 36
\BOOKMARK [2][-]{subsection.6.1}{\376\377\000O\000n\000\040\000f\000i\000n\000d\000i\000n\000g\000\040\000c\000o\000r\000r\000e\000s\000p\000o\000n\000d\000e\000n\000c\000e\000\040\000o\000f\000\040\000z\000.\000r\000.\000m\000\040\000f\000i\000e\000l\000d\000\040\000i\000n\000\040\000P\000T}{section.6}% 37
\BOOKMARK [2][-]{subsection.6.2}{\376\377\000z\000.\000r\000.\000m\000.\000\040\000f\000i\000e\000l\000d\000\040\000s\000t\000r\000u\000c\000t\000u\000r\000e\000\040\000i\000n\000\040\000P\000T}{section.6}% 38
\BOOKMARK [1][-]{section.7}{\376\377\000W\000a\000r\000d\000'\000s\000\040\000c\000o\000r\000r\000e\000s\000p\000o\000n\000d\000e\000n\000c\000e}{}% 39
\BOOKMARK [2][-]{subsection.7.1}{\376\377\000G\000a\000u\000g\000e\000\040\000t\000h\000e\000o\000r\000y\000\040\000i\000n\000\040\000g\000e\000n\000e\000r\000a\000l\000\040\000s\000e\000t\000t\000i\000n\000g}{section.7}% 40
\BOOKMARK [2][-]{subsection.7.2}{\376\377\000G\000a\000u\000g\000e\000\040\000t\000h\000e\000o\000r\000y\000\040\000i\000n\000\040\000T\000T}{section.7}% 41
\BOOKMARK [1][-]{section.8}{\376\377\000M\000H\000V\000\040\000a\000m\000p\000l\000i\000t\000u\000d\000e\000s\000\040\000i\000n\000\040\000T\000T}{}% 42
\BOOKMARK [2][-]{subsection.8.1}{\376\377\000T\000r\000e\000e\000-\000l\000e\000v\000e\000l\000\040\000g\000l\000u\000o\000n\000\040\000s\000c\000a\000t\000t\000e\000r\000i\000n\000g\000\040\000i\000n\000\040\000p\000u\000r\000e\000\040\000Y\000a\000n\000g\000-\000M\000i\000l\000l\000s\000\040\000t\000h\000e\000o\000r\000y}{section.8}% 43
\BOOKMARK [2][-]{subsection.8.2}{\376\377\000P\000a\000r\000k\000e\000-\000T\000a\000y\000l\000o\000r\000\040\000F\000o\000r\000m\000u\000l\000a\000\040\000\050\000P\000T\000F\000\051}{section.8}% 44
\BOOKMARK [2][-]{subsection.8.3}{\376\377\000A\000l\000t\000e\000r\000n\000a\000t\000i\000v\000e\000\040\000d\000e\000r\000i\000v\000a\000t\000i\000o\000n\000\040\000o\000f\000\040\000P\000a\000r\000k\000e\000\040\000T\000a\000y\000l\000o\000r\000\040\000f\000o\000r\000m\000u\000l\000a}{section.8}% 45
\BOOKMARK [2][-]{subsection.8.4}{\376\377\000W\000i\000t\000t\000e\000n\000'\000s\000\040\000c\000o\000n\000j\000e\000c\000t\000u\000r\000e}{section.8}% 46
\BOOKMARK [1][-]{section.9}{\376\377\000C\000o\000n\000c\000l\000u\000s\000i\000o\000n}{}% 47
\BOOKMARK [1][-]{section*.2}{\376\377\000A\000p\000p\000e\000n\000d\000i\000c\000e\000s}{}% 48
\BOOKMARK [1][-]{appendix.1.A}{\376\377\000M\000a\000s\000s\000l\000e\000s\000s\000\040\000s\000p\000i\000n\000\040\0001\000\040\000p\000a\000r\000t\000i\000c\000l\000e}{}% 49
\BOOKMARK [1][-]{appendix.1.B}{\376\377\000g\000g\000\040\000g\000g\000\040\000s\000c\000a\000t\000t\000e\000r\000i\000n\000g\000\040\000a\000m\000p\000l\000i\000t\000u\000d\000e\000\040\000i\000n\000\040\000P\000u\000r\000e\000\040\000Y\000a\000n\000g\000-\000M\000i\000l\000l\000s\000\040\000t\000h\000e\000o\000r\000y}{}% 50
